{"content": {"suites": {"0": {"status": {"total_pass": 0, "total_skip": 0, "total_xpass": 0, "total_xfail": 0, "total_rerun": 0, "total_fail": 2, "total_error": 0}, "tests": {"0": {"status": "FAIL", "message": "       AssertionError: soft assertion failures:\n       1. Fail: unit validation failed!\n       2. Fail: p10 validation failed!\n       3. Fail: p50 validation failed!\n       4. Fail: p90 validation failed!\n", "test_name": "test_mapview_widget_kpiStatistics[requestDict0-expectedDict0]", "rerun": "0"}, "1": {"status": "FAIL", "message": "       AssertionError: soft assertion failures:\n       1. Fail: unit validation failed!\n       2. Expected <0.0> to be equal to <1>, but was not.\n       3. Fail: p10 validation failed!\n       4. Fail: p50 validation failed!\n       5. Expected <2.0> to be equal to <4>, but was not.\n       6. Fail: p90 validation failed!\n", "test_name": "test_mapview_widget_kpiStatistics[requestDict1-expectedDict1]", "rerun": "0"}}, "suite_name": "test_mapview.py"}}}, "date": "January 11, 2022", "start_time": 1641899125.3866706, "total_suite": 1, "status": "FAIL", "status_list": {"pass": "0", "fail": "2", "skip": "0", "error": "0", "xpass": "0", "xfail": "0", "rerun": "0"}, "total_tests": "2"}